INFO:root:PARAMS
INFO:root:    In path: ../data/dub/41592_2011_BFnmeth1541_MOESM593_ESM.xls
INFO:root:    sheet_nums 1
INFO:root:    bait_col_name Bait
INFO:root:    prey_colname: Prey
INFO:root:    ms_score_colname : SAINT
INFO:root:    ctrl_col: None
INFO:root:    spec_colname: Spec
INFO:root:    spec_count_sep: |
INFO:root:    bait_parser_strat: all
INFO:root:    control_handle_strat: all
INFO:root:    prey_parser_strat: general
INFO:root:    enforce_bait_rempapping: True
INFO:root:sheet 0
INFO:root:DF SHAPE : (26730, 8)
WARNING:root:N corrupt lines : 12
WARNING:root:corrupt line 21965 : ('BRCC3', datetime.datetime(2010, 9, 15, 0, 0), 0.97)
WARNING:root:corrupt line 21966 : ('USP43', datetime.datetime(2010, 9, 15, 0, 0), 0.62)
WARNING:root:corrupt line 21967 : ('USP53', datetime.datetime(2010, 9, 15, 0, 0), 0.39)
WARNING:root:corrupt line 21968 : ('USP50', datetime.datetime(2010, 9, 15, 0, 0), 0.6)
WARNING:root:corrupt line 21969 : ('USP8', datetime.datetime(2010, 9, 15, 0, 0), 0.1)
WARNING:root:corrupt line 21970 : ('USP25', datetime.datetime(2010, 9, 15, 0, 0), 0.32)
WARNING:root:corrupt line 21971 : ('USP49', datetime.datetime(2010, 9, 15, 0, 0), 0.31)
WARNING:root:corrupt line 21972 : ('OTUD4', datetime.datetime(2010, 9, 15, 0, 0), 0.3)
WARNING:root:corrupt line 21973 : ('USP32', datetime.datetime(2010, 9, 15, 0, 0), 0.27)
WARNING:root:corrupt line 21974 : ('USP1', datetime.datetime(2010, 9, 15, 0, 0), 0.25)
WARNING:root:corrupt line 21975 : ('USP22', datetime.datetime(2010, 9, 15, 0, 0), 0.23)
WARNING:root:corrupt line 25520 : ('USP15', datetime.datetime(2010, 9, 2, 0, 0), 0.35)
INFO:root:DF SHAPE : (26718, 8)
INFO:root:N Bait 76
WARNING:root:27 bait not found in prey
WARNING:root:unfound bait {'ZRAN1', 'USP16', 'USP33', 'JOS1', 'USP21', 'USPL1', 'OTU7B', 'USP2', 'USP50', 'JOS2', 'ATX3', 'USP45', 'USP18', 'EGFP', 'USP38', 'TL132L', 'USP53', 'USP8', 'USP42', 'USP29', 'USP10', 'OTUD5', 'USP43', 'TAF1D', 'USP30', 'STALP', 'USP26'}
